<?xml version="1.0" encoding="UTF-8"?>
<!-- Generated by org.testng.reporters.JUnitXMLReporter -->
<testsuite ignored="0" hostname="DESKTOP-8I169PA" failures="1" tests="1" name="Default test" time="10.693" errors="0" timestamp="2024-09-11T20:26:48 SAST">
  <testcase classname="io.cucumber.testng.AbstractTestNGCucumberTests" name="runScenario" time="9.406">
    <failure type="java.lang.AssertionError" message="Incorrect URL expected [https://opensource-demo.orangehrmlive.com/web/index.php/auth/logn] but found [https://opensource-demo.orangehrmlive.com/web/index.php/auth/login]">
      <![CDATA[java.lang.AssertionError: Incorrect URL expected [https://opensource-demo.orangehrmlive.com/web/index.php/auth/logn] but found [https://opensource-demo.orangehrmlive.com/web/index.php/auth/login]
at org.testng.Assert.fail(Assert.java:111)
at org.testng.Assert.failNotEquals(Assert.java:1578)
at org.testng.Assert.assertEqualsImpl(Assert.java:150)
at org.testng.Assert.assertEquals(Assert.java:132)
at org.testng.Assert.assertEquals(Assert.java:656)
at stepDefinitions.LoginPageStepDefinition.the_login_page_is_displayed(LoginPageStepDefinition.java:23)
at ✽.The login page is displayed(file:///C:/Users/nandu/practice-workspace/com.orangehrmlive.demo/src/test/java/features/Login.feature:4)
]]>
    </failure>
  </testcase> <!-- runScenario -->
</testsuite> <!-- Default test -->
